<?xml version="1.0" encoding="UTF-8" ?>
<testsuite tests="26" failures="0" name="com.mindtree.subi.musictest.TestRunner" time="0.024" errors="2" skipped="0">
  <properties>
[...]
</properties>
  <testcase classname="Given API service is up and running     " name="Given API service is up and running     " time="0"/>
  <testcase classname="When OTT Platform Media API is called in using GET      " name="When OTT Platform Media API is called in using GET      " time="0"/>
  <testcase classname="Then Verified Return status code is 200       " name="Then Verified Return status code is 200       " time="0"/>
  <testcase classname="And Verified Response time is within &quot;1000&quot; milliseconds        " name="And Verified Response time is within &quot;1000&quot; milliseconds        " time="0.008">
    <error message="org.hamcrest.Matcher.describeMismatch(Ljava/lang/Object;Lorg/hamcrest/Description;)V" type="java.lang.NoSuchMethodError">java.lang.NoSuchMethodError: org.hamcrest.Matcher.describeMismatch(Ljava/lang/Object;Lorg/hamcrest/Description;)V
	at org.hamcrest.MatcherAssert.assertThat(MatcherAssert.java:16)
	at com.mindtree.subi.musictest.stepdef.MusicTrackStepDef.validateResponseTime(MusicTrackStepDef.java:48)
	at ✽.And Verified Response time is within &quot;1000&quot; milliseconds(features\MusicTrack.feature:8)
</error>
    <system-out>&amp;#27;[1A    &amp;#27;[32mThen &amp;#27;[0m&amp;#27;[32mVerified Return status code is &amp;#27;[0m&amp;#27;[32m&amp;#27;[1m200&amp;#27;[0m                                            &amp;#27;[90m# MusicTrackStepDef.validateResponseStatusCode(int)&amp;#27;[0m
    &amp;#27;[90mAnd &amp;#27;[0m&amp;#27;[90mVerified Response time is within &quot;&amp;#27;[0m&amp;#27;[90m&amp;#27;[1m1000&amp;#27;[0m&amp;#27;[90m&quot; milliseconds&amp;#27;[0m                           &amp;#27;[90m# MusicTrackStepDef.validateResponseTime(String)&amp;#27;[0m




 ****** Response Time : 1489 ****** 




</system-out>
  </testcase>
  <testcase classname="| 1000 |    " name="| 1000 |    " time="0.008">
    <error message="org.hamcrest.Matcher.describeMismatch(Ljava/lang/Object;Lorg/hamcrest/Description;)V" type="java.lang.NoSuchMethodError">java.lang.NoSuchMethodError: org.hamcrest.Matcher.describeMismatch(Ljava/lang/Object;Lorg/hamcrest/Description;)V
	at org.hamcrest.MatcherAssert.assertThat(MatcherAssert.java:16)
	at com.mindtree.subi.musictest.stepdef.MusicTrackStepDef.validateResponseTime(MusicTrackStepDef.java:48)
	at ✽.And Verified Response time is within &quot;1000&quot; milliseconds(features\MusicTrack.feature:8)
</error>
  </testcase>
  <testcase classname="Given API service is up and running            " name="Given API service is up and running            " time="0"/>
  <testcase classname="When OTT Platform Media API is called in using GET             " name="When OTT Platform Media API is called in using GET             " time="0"/>
  <testcase classname="Then Verified the id is not null or empty for all the items              " name="Then Verified the id is not null or empty for all the items              " time="0"/>
  <testcase classname="And Verified the segment_type is &quot;music&quot; for every track               " name="And Verified the segment_type is &quot;music&quot; for every track               " time="0"/>
  <testcase classname="| music |           " name="| music |           " time="0"/>
  <testcase classname="Given API service is up and running                 " name="Given API service is up and running                 " time="0"/>
  <testcase classname="When OTT Platform Media API is called in using GET                  " name="When OTT Platform Media API is called in using GET                  " time="0"/>
  <testcase classname="Then Verified Return status code is 200                   " name="Then Verified Return status code is 200                   " time="0"/>
  <testcase classname="And Verified the primary field in title_list is not null or empty in any track                    " name="And Verified the primary field in title_list is not null or empty in any track                    " time="0"/>
  <testcase classname="Scenario: Media API call is successful and verify primary field is not null or empty                " name="Scenario: Media API call is successful and verify primary field is not null or empty                " time="0"/>
  <testcase classname="Given API service is up and running                      " name="Given API service is up and running                      " time="0"/>
  <testcase classname="When OTT Platform Media API is called in using GET                       " name="When OTT Platform Media API is called in using GET                       " time="0"/>
  <testcase classname="Then Verified Return status code is 200                        " name="Then Verified Return status code is 200                        " time="0"/>
  <testcase classname="And Verified only one Now_playing field in offset is true                         " name="And Verified only one Now_playing field in offset is true                         " time="0"/>
  <testcase classname="Scenario: Media API call is successful and  verify only one now_playing field is true                     " name="Scenario: Media API call is successful and  verify only one now_playing field is true                     " time="0.008"/>
  <testcase classname="Scenario:                           " name="Scenario:                           " time="0"/>
  <testcase classname="Given API service is up and running                            " name="Given API service is up and running                            " time="0"/>
  <testcase classname="When OTT Platform Media API is called in using GET                             " name="When OTT Platform Media API is called in using GET                             " time="0"/>
  <testcase classname="Then Verified Return status code is 200                              " name="Then Verified Return status code is 200                              " time="0"/>
  <testcase classname="And Verified Date Value in Header                               " name="And Verified Date Value in Header                               " time="0"/>
  <testcase classname="Scenario: Media API call is successful and verify the Date Value in header                           " name="Scenario: Media API call is successful and verify the Date Value in header                           " time="0"/>
</testsuite>